#
# A fatal error has been detected by the Java Runtime Environment:
#
#  EXCEPTION_ACCESS_VIOLATION (0xc0000005) at pc=0x00007ffadb6c800c, pid=16920, tid=4164
#
# JRE version: OpenJDK Runtime Environment (15.0.2+7) (build 15.0.2+7-27)
# Java VM: OpenJDK 64-Bit Server VM (15.0.2+7-27, mixed mode, tiered, compressed oops, g1 gc, windows-amd64)
# Problematic frame:
# V  [jvm.dll+0x6a800c]
#
# No core dump will be written. Minidumps are not enabled by default on client versions of Windows
#
# If you would like to submit a bug report, please visit:
#   https://bugreport.java.com/bugreport/crash.jsp
#

---------------  S U M M A R Y ------------

Command Line: -XX:+ShowCodeDetailsInExceptionMessages -agentlib:jdwp=transport=dt_socket,suspend=y,address=localhost:62715 -ea -Dfile.encoding=Cp1252 org.testng.remote.RemoteTestNG -serport 62688 -protocol json -d C:\Users\navee\git\Selenium-Java-TestNG-Maven-POM\Selenium-Java-TestNG-Maven-POM-PageFactory\test-output C:\Users\navee\AppData\Local\Temp\testng-eclipse--1293473827\testng-customsuite.xml

Host: 11th Gen Intel(R) Core(TM) i3-1115G4 @ 3.00GHz, 4 cores, 7G,  Windows 10 , 64 bit Build 22621 (10.0.22621.5124)
Time: Wed May 28 18:09:27 2025 India Standard Time elapsed time: 1514.545248 seconds (0d 0h 25m 14s)

---------------  T H R E A D  ---------------

Current thread (0x000001fbb43c2fe0):  JavaThread "JDWP Transport Listener: dt_socket" daemon [_thread_in_vm, id=4164, stack(0x00000097e2b00000,0x00000097e2c00000)] _threads_hazard_ptr=0x000001fbb44b1200

Stack: [0x00000097e2b00000,0x00000097e2c00000],  sp=0x00000097e2bfe690,  free space=1017k
Native frames: (J=compiled Java code, j=interpreted, Vv=VM code, C=native code)
V  [jvm.dll+0x6a800c]
V  [jvm.dll+0x2fff3f]
V  [jvm.dll+0x30207b]
V  [jvm.dll+0x3026ce]
V  [jvm.dll+0x2ffd7f]
V  [jvm.dll+0x2ff02a]
V  [jvm.dll+0x619ec0]
V  [jvm.dll+0x619ba3]
V  [jvm.dll+0x5df278]
V  [jvm.dll+0x77876f]
V  [jvm.dll+0x4f02e1]
V  [jvm.dll+0x7882b5]
V  [jvm.dll+0x4d40ea]
V  [jvm.dll+0x49526b]
C  [jdwp.dll+0x796b]


siginfo: EXCEPTION_ACCESS_VIOLATION (0xc0000005), reading address 0x0000000000000004


Register to memory mapping:

RIP=0x00007ffadb6c800c jvm.dll
RAX=0x0 is NULL
RBX=0x0 is NULL
RCX=0x00000097e2bfe6b0 is pointing into the stack for thread: 0x000001fbb43c2fe0
RDX=0x000000000000b384 is an unknown value
RSP=0x00000097e2bfe690 is pointing into the stack for thread: 0x000001fbb43c2fe0
RBP=0x00000097e2bfe7f0 is pointing into the stack for thread: 0x000001fbb43c2fe0
RSI=0x0 is NULL
RDI=0x00000097e2bfee00 is pointing into the stack for thread: 0x000001fbb43c2fe0
R8 =0x0 is NULL
R9 =0x000001fbb642bcf8 is pointing into metadata
R10=0x00000097e2bfee00 is pointing into the stack for thread: 0x000001fbb43c2fe0
R11={method} {0x000001fbb642ca68} 'setUp' '()V' in 'testCases/Third'
R12=0x00007ffadb020000 jvm.dll
R13=0x000001fbb599df90 points into unknown readable memory: 0x000000e200000000 | 00 00 00 00 e2 00 00 00
R14=0x00000097e2bfe720 is pointing into the stack for thread: 0x000001fbb43c2fe0
R15=0x0000000000000280 is an unknown value


Registers:
RAX=0x0000000000000000, RBX=0x0000000000000000, RCX=0x00000097e2bfe6b0, RDX=0x000000000000b384
RSP=0x00000097e2bfe690, RBP=0x00000097e2bfe7f0, RSI=0x0000000000000000, RDI=0x00000097e2bfee00
R8 =0x0000000000000000, R9 =0x000001fbb642bcf8, R10=0x00000097e2bfee00, R11=0x000001fbb642ca60
R12=0x00007ffadb020000, R13=0x000001fbb599df90, R14=0x00000097e2bfe720, R15=0x0000000000000280
RIP=0x00007ffadb6c800c, EFLAGS=0x0000000000010246

Top of Stack: (sp=0x00000097e2bfe690)
0x00000097e2bfe690:   0000000000000000 0000000000000000
0x00000097e2bfe6a0:   00000097e2bfee00 0000000000000000
0x00000097e2bfe6b0:   0000000000000000 00007ffadb22e9be
0x00000097e2bfe6c0:   0000000000000001 0000000000000000
0x00000097e2bfe6d0:   000001fbb384bef0 0000000000000000
0x00000097e2bfe6e0:   000001fbb642c7cd 00007ffadb31ff3f
0x00000097e2bfe6f0:   0000000000000000 0000000000000000
0x00000097e2bfe700:   0000000000000000 0000000000000000
0x00000097e2bfe710:   0000000000000000 0000000000000000
0x00000097e2bfe720:   0000000000000000 0000000000000063
0x00000097e2bfe730:   0000000000000000 00000097e2bfe778
0x00000097e2bfe740:   0000000000000000 000001fbb52f1d50
0x00000097e2bfe750:   0000003a0000001a 000000000000003a
0x00000097e2bfe760:   000000030000000c 000001fbb384bef0
0x00000097e2bfe770:   0000000000000000 00000000460000e8
0x00000097e2bfe780:   0000000000000000 0000000000000000 

Instructions: (pc=0x00007ffadb6c800c)
0x00007ffadb6c7f0c:   47 1c 03 00 00 00 44 89 47 0c 44 89 47 08 44 3b
0x00007ffadb6c7f1c:   c3 7c 17 c7 47 1c ff ff ff ff 48 8b 5c 24 30 48
0x00007ffadb6c7f2c:   8b 74 24 38 48 83 c4 20 5f c3 0f be 4c 30 07 e8
0x00007ffadb6c7f3c:   e0 fb ff ff 48 83 c6 06 89 47 18 83 e8 0c 74 50
0x00007ffadb6c7f4c:   83 f8 01 75 34 49 63 c0 48 3b c3 7d 18 0f 1f 80
0x00007ffadb6c7f5c:   00 00 00 00 80 3c 30 5b 75 0b 41 ff c0 48 ff c0
0x00007ffadb6c7f6c:   48 3b c3 7c ef 49 63 c8 41 8b c0 2b 47 0c 48 03
0x00007ffadb6c7f7c:   ce 89 47 14 80 39 4c 74 1d 41 8d 58 01 89 5f 0c
0x00007ffadb6c7f8c:   48 8b 5c 24 30 48 8b 74 24 38 48 83 c4 20 5f c3
0x00007ffadb6c7f9c:   49 63 c8 48 03 ce 8b c3 ba 3b 00 00 00 41 2b c0
0x00007ffadb6c7fac:   4c 63 c0 e8 cc 1d 13 00 48 85 c0 74 06 8b d8 2b
0x00007ffadb6c7fbc:   de ff c3 48 8b 74 24 38 89 5f 0c 48 8b 5c 24 30
0x00007ffadb6c7fcc:   48 83 c4 20 5f c3 cc cc cc cc cc cc cc cc cc cc
0x00007ffadb6c7fdc:   cc cc cc cc 41 56 48 83 ec 50 83 79 08 63 4c 8b
0x00007ffadb6c7fec:   f1 0f 85 d3 00 00 00 48 8b 01 48 8d 4c 24 20 48
0x00007ffadb6c7ffc:   89 44 24 20 48 89 5c 24 60 33 db 48 89 74 24 68
0x00007ffadb6c800c:   0f b7 40 04 89 44 24 30 48 8b 05 0d 02 42 00 48
0x00007ffadb6c801c:   89 44 24 40 c7 44 24 3c 01 00 00 00 c7 44 24 2c
0x00007ffadb6c802c:   01 00 00 00 c7 44 24 28 01 00 00 00 89 5c 24 34
0x00007ffadb6c803c:   48 89 5c 24 48 e8 7a fe ff ff 48 8d 4c 24 20 e8
0x00007ffadb6c804c:   b0 00 00 00 8b 44 24 38 48 8b 4c 24 40 41 89 46
0x00007ffadb6c805c:   08 e8 ee e9 04 00 48 8b 74 24 48 48 85 f6 74 45
0x00007ffadb6c806c:   39 1e 7e 41 48 89 7c 24 70 8b fb 66 0f 1f 84 00
0x00007ffadb6c807c:   00 00 00 00 48 8b 4e 18 48 8b 0c 39 e8 c3 e9 04
0x00007ffadb6c808c:   00 ff c3 48 8d 7f 08 3b 1e 7c e9 41 8b 46 08 48
0x00007ffadb6c809c:   8b 7c 24 70 48 8b 5c 24 60 48 8b 74 24 68 48 83
0x00007ffadb6c80ac:   c4 50 41 5e c3 41 8b 46 08 48 8b 5c 24 60 48 8b
0x00007ffadb6c80bc:   74 24 68 48 83 c4 50 41 5e c3 8b 41 08 48 83 c4
0x00007ffadb6c80cc:   50 41 5e c3 48 8d 42 ff 48 83 f8 fd 77 14 48 3b
0x00007ffadb6c80dc:   51 10 74 19 48 89 51 10 48 d1 ea 83 e2 0f 89 51
0x00007ffadb6c80ec:   08 c3 48 89 51 10 c7 41 08 63 00 00 00 c3 cc cc
0x00007ffadb6c80fc:   cc cc cc cc 40 53 48 83 ec 20 8b 41 1c 48 8b d9 


Stack slot to memory mapping:
stack at sp + 0 slots: 0x0 is NULL
stack at sp + 1 slots: 0x0 is NULL
stack at sp + 2 slots: 0x00000097e2bfee00 is pointing into the stack for thread: 0x000001fbb43c2fe0
stack at sp + 3 slots: 0x0 is NULL
stack at sp + 4 slots: 0x0 is NULL
stack at sp + 5 slots: 0x00007ffadb22e9be jvm.dll
stack at sp + 6 slots: 0x0000000000000001 is an unknown value
stack at sp + 7 slots: 0x0 is NULL


---------------  P R O C E S S  ---------------

Threads class SMR info:
_java_thread_list=0x000001fbb44b1200, length=25, elements={
0x000001fb981c8860, 0x000001fbb3992040, 0x000001fbb3996a10, 0x000001fbb41bba40,
0x000001fbb41bc300, 0x000001fbb41befd0, 0x000001fbb42006d0, 0x000001fbb420bd30,
0x000001fbb4214620, 0x000001fbb43c2fe0, 0x000001fbb43c3aa0, 0x000001fbb43cd790,
0x000001fbb43d07f0, 0x000001fbb43f58f0, 0x000001fbb4f4e420, 0x000001fbb5b5e610,
0x000001fbb53e59d0, 0x000001fbb588b330, 0x000001fbb5581090, 0x000001fbb557fd50,
0x000001fbb5580220, 0x000001fbb5581a30, 0x000001fbb557e070, 0x000001fbb5580bc0,
0x000001fbb557eee0
}

Java Threads: ( => current thread )
  0x000001fb981c8860 JavaThread "main" [_thread_blocked, id=29664, stack(0x00000097e1c00000,0x00000097e1d00000)]
  0x000001fbb3992040 JavaThread "Reference Handler" daemon [_thread_blocked, id=23164, stack(0x00000097e2300000,0x00000097e2400000)]
  0x000001fbb3996a10 JavaThread "Finalizer" daemon [_thread_blocked, id=30884, stack(0x00000097e2400000,0x00000097e2500000)]
  0x000001fbb41bba40 JavaThread "Signal Dispatcher" daemon [_thread_blocked, id=2212, stack(0x00000097e2500000,0x00000097e2600000)]
  0x000001fbb41bc300 JavaThread "Attach Listener" daemon [_thread_blocked, id=23688, stack(0x00000097e2600000,0x00000097e2700000)]
  0x000001fbb41befd0 JavaThread "Service Thread" daemon [_thread_blocked, id=14092, stack(0x00000097e2700000,0x00000097e2800000)]
  0x000001fbb42006d0 JavaThread "C2 CompilerThread0" daemon [_thread_blocked, id=19564, stack(0x00000097e2800000,0x00000097e2900000)]
  0x000001fbb420bd30 JavaThread "C1 CompilerThread0" daemon [_thread_blocked, id=8716, stack(0x00000097e2900000,0x00000097e2a00000)]
  0x000001fbb4214620 JavaThread "Sweeper thread" daemon [_thread_blocked, id=17552, stack(0x00000097e2a00000,0x00000097e2b00000)]
=>0x000001fbb43c2fe0 JavaThread "JDWP Transport Listener: dt_socket" daemon [_thread_in_vm, id=4164, stack(0x00000097e2b00000,0x00000097e2c00000)]
  0x000001fbb43c3aa0 JavaThread "JDWP Event Helper Thread" daemon [_thread_blocked, id=25936, stack(0x00000097e2c00000,0x00000097e2d00000)]
  0x000001fbb43cd790 JavaThread "JDWP Command Reader" daemon [_thread_in_native, id=32236, stack(0x00000097e2d00000,0x00000097e2e00000)]
  0x000001fbb43d07f0 JavaThread "Notification Thread" daemon [_thread_blocked, id=9648, stack(0x00000097e2e00000,0x00000097e2f00000)]
  0x000001fbb43f58f0 JavaThread "Common-Cleaner" daemon [_thread_blocked, id=28064, stack(0x00000097e3000000,0x00000097e3100000)]
  0x000001fbb4f4e420 JavaThread "ReaderThread" [_thread_in_native, id=19788, stack(0x00000097e3300000,0x00000097e3400000)]
  0x000001fbb5b5e610 JavaThread "ForkJoinPool.commonPool-worker-3" daemon [_thread_blocked, id=16368, stack(0x00000097e3700000,0x00000097e3800000)]
  0x000001fbb53e59d0 JavaThread "AsyncHttpClient-1-1" daemon [_thread_blocked, id=23884, stack(0x00000097e3800000,0x00000097e3900000)]
  0x000001fbb588b330 JavaThread "Exec Default Executor" daemon [_thread_in_native, id=24596, stack(0x00000097e3900000,0x00000097e3a00000)]
  0x000001fbb5581090 JavaThread "Exec Stream Pumper" daemon [_thread_in_native, id=13880, stack(0x00000097e3400000,0x00000097e3500000)]
  0x000001fbb557fd50 JavaThread "Exec Stream Pumper" daemon [_thread_in_native, id=2148, stack(0x00000097e3a00000,0x00000097e3b00000)]
  0x000001fbb5580220 JavaThread "Driver Service Executor" daemon [_thread_blocked, id=25024, stack(0x00000097e3b00000,0x00000097e3c00000)]
  0x000001fbb5581a30 JavaThread "Driver Service Executor" daemon [_thread_blocked, id=18548, stack(0x00000097e3c00000,0x00000097e3d00000)]
  0x000001fbb557e070 JavaThread "AsyncHttpClient-1-2" daemon [_thread_in_native, id=13900, stack(0x00000097e3f00000,0x00000097e4000000)]
  0x000001fbb5580bc0 JavaThread "AsyncHttpClient-1-3" daemon [_thread_in_native, id=7436, stack(0x00000097e4000000,0x00000097e4100000)]
  0x000001fbb557eee0 JavaThread "AsyncHttpClient-1-4" daemon [_thread_in_native, id=9748, stack(0x00000097e4100000,0x00000097e4200000)]

Other Threads:
  0x000001fbb41acb80 VMThread "VM Thread" [stack: 0x00000097e2200000,0x00000097e2300000] [id=26480]
  0x000001fbb43d6f80 WatcherThread [stack: 0x00000097e2f00000,0x00000097e3000000] [id=28392]
  0x000001fb98208490 GCTaskThread "GC Thread#0" [stack: 0x00000097e1d00000,0x00000097e1e00000] [id=18964]
  0x000001fbb4af1280 GCTaskThread "GC Thread#1" [stack: 0x00000097e3100000,0x00000097e3200000] [id=30688]
  0x000001fbb4af2270 GCTaskThread "GC Thread#2" [stack: 0x00000097e3500000,0x00000097e3600000] [id=12848]
  0x000001fbb4af28d0 GCTaskThread "GC Thread#3" [stack: 0x00000097e3600000,0x00000097e3700000] [id=13908]
  0x000001fb98219580 ConcurrentGCThread "G1 Main Marker" [stack: 0x00000097e1e00000,0x00000097e1f00000] [id=31392]
  0x000001fb9821a1f0 ConcurrentGCThread "G1 Conc#0" [stack: 0x00000097e1f00000,0x00000097e2000000] [id=12528]
  0x000001fbb37b0090 ConcurrentGCThread "G1 Refine#0" [stack: 0x00000097e2000000,0x00000097e2100000] [id=14428]
  0x000001fbb37b0d10 ConcurrentGCThread "G1 Young RemSet Sampling" [stack: 0x00000097e2100000,0x00000097e2200000] [id=6480]

Threads with active compile tasks:

VM state: not at safepoint (normal execution)

VM Mutex/Monitor currently owned by a thread: None

Heap address: 0x0000000084c00000, size: 1972 MB, Compressed Oops mode: 32-bit
CDS disabled.
Compressed class space mapped at: 0x0000000100000000-0x0000000140000000, size: 1073741824
Narrow klass base: 0x0000000000000000, Narrow klass shift: 3, Narrow klass range: 0x140000000

GC Precious Log:
 CPUs: 4 total, 4 available
 Memory: 7885M
 Large Page Support: Disabled
 NUMA Support: Disabled
 Compressed Oops: Enabled (32-bit)
 Heap Region Size: 1M
 Heap Min Capacity: 8M
 Heap Initial Capacity: 124M
 Heap Max Capacity: 1972M
 Pre-touch: Disabled
 Parallel Workers: 4
 Concurrent Workers: 1
 Concurrent Refinement Workers: 4
 Periodic GC: Disabled

Heap:
 garbage-first heap   total 48128K, used 26317K [0x0000000084c00000, 0x0000000100000000)
  region size 1024K, 10 young (10240K), 2 survivors (2048K)
 Metaspace       used 33898K, capacity 34181K, committed 34480K, reserved 1079296K
  class space    used 3683K, capacity 3770K, committed 3840K, reserved 1048576K

Heap Regions: E=young(eden), S=young(survivor), O=old, HS=humongous(starts), HC=humongous(continues), CS=collection set, F=free, OA=open archive, CA=closed archive, TAMS=top-at-mark-start (previous, next)
|   0|0x0000000084c00000, 0x0000000084d00000, 0x0000000084d00000|100%|HS|  |TAMS 0x0000000084d00000, 0x0000000084c00000| Complete 
|   1|0x0000000084d00000, 0x0000000084e00000, 0x0000000084e00000|100%| O|  |TAMS 0x0000000084d00000, 0x0000000084d00000| Untracked 
|   2|0x0000000084e00000, 0x0000000084f00000, 0x0000000084f00000|100%| O|  |TAMS 0x0000000084f00000, 0x0000000084e00000| Untracked 
|   3|0x0000000084f00000, 0x0000000085000000, 0x0000000085000000|100%| O|  |TAMS 0x0000000085000000, 0x0000000084f00000| Untracked 
|   4|0x0000000085000000, 0x0000000085100000, 0x0000000085100000|100%| O|  |TAMS 0x0000000085100000, 0x0000000085000000| Untracked 
|   5|0x0000000085100000, 0x0000000085200000, 0x0000000085200000|100%| O|  |TAMS 0x0000000085200000, 0x0000000085100000| Untracked 
|   6|0x0000000085200000, 0x0000000085207000, 0x0000000085300000|  2%| O|  |TAMS 0x0000000085207000, 0x0000000085200000| Untracked 
|   7|0x0000000085300000, 0x0000000085400000, 0x0000000085400000|100%| O|  |TAMS 0x0000000085300000, 0x0000000085300000| Untracked 
|   8|0x0000000085400000, 0x0000000085500000, 0x0000000085500000|100%| O|  |TAMS 0x0000000085400000, 0x0000000085400000| Untracked 
|   9|0x0000000085500000, 0x0000000085600000, 0x0000000085600000|100%| O|  |TAMS 0x0000000085500000, 0x0000000085500000| Untracked 
|  10|0x0000000085600000, 0x0000000085700000, 0x0000000085700000|100%| O|  |TAMS 0x0000000085600000, 0x0000000085600000| Untracked 
|  11|0x0000000085700000, 0x0000000085800000, 0x0000000085800000|100%| O|  |TAMS 0x0000000085700000, 0x0000000085700000| Untracked 
|  12|0x0000000085800000, 0x0000000085900000, 0x0000000085900000|100%|HS|  |TAMS 0x0000000085800000, 0x0000000085800000| Complete 
|  13|0x0000000085900000, 0x0000000085a00000, 0x0000000085a00000|100%|HC|  |TAMS 0x0000000085900000, 0x0000000085900000| Complete 
|  14|0x0000000085a00000, 0x0000000085b00000, 0x0000000085b00000|100%|HC|  |TAMS 0x0000000085a00000, 0x0000000085a00000| Complete 
|  15|0x0000000085b00000, 0x0000000085c00000, 0x0000000085c00000|100%|HC|  |TAMS 0x0000000085b00000, 0x0000000085b00000| Complete 
|  16|0x0000000085c00000, 0x0000000085d00000, 0x0000000085d00000|100%|HC|  |TAMS 0x0000000085c00000, 0x0000000085c00000| Complete 
|  17|0x0000000085d00000, 0x0000000085d00000, 0x0000000085e00000|  0%| F|  |TAMS 0x0000000085d00000, 0x0000000085d00000| Untracked 
|  18|0x0000000085e00000, 0x0000000085e00000, 0x0000000085f00000|  0%| F|  |TAMS 0x0000000085e00000, 0x0000000085e00000| Untracked 
|  19|0x0000000085f00000, 0x0000000086000000, 0x0000000086000000|100%| O|  |TAMS 0x0000000085f00000, 0x0000000085f00000| Untracked 
|  20|0x0000000086000000, 0x000000008608fa00, 0x0000000086100000| 56%| O|  |TAMS 0x0000000086000000, 0x0000000086000000| Untracked 
|  21|0x0000000086100000, 0x0000000086100000, 0x0000000086200000|  0%| F|  |TAMS 0x0000000086100000, 0x0000000086100000| Untracked 
|  22|0x0000000086200000, 0x0000000086200000, 0x0000000086300000|  0%| F|  |TAMS 0x0000000086200000, 0x0000000086200000| Untracked 
|  23|0x0000000086300000, 0x0000000086300000, 0x0000000086400000|  0%| F|  |TAMS 0x0000000086300000, 0x0000000086300000| Untracked 
|  24|0x0000000086400000, 0x0000000086400000, 0x0000000086500000|  0%| F|  |TAMS 0x0000000086400000, 0x0000000086400000| Untracked 
|  25|0x0000000086500000, 0x0000000086500000, 0x0000000086600000|  0%| F|  |TAMS 0x0000000086500000, 0x0000000086500000| Untracked 
|  26|0x0000000086600000, 0x000000008661cb10, 0x0000000086700000| 11%| S|CS|TAMS 0x0000000086600000, 0x0000000086600000| Complete 
|  27|0x0000000086700000, 0x0000000086800000, 0x0000000086800000|100%| S|CS|TAMS 0x0000000086700000, 0x0000000086700000| Complete 
|  28|0x0000000086800000, 0x0000000086800000, 0x0000000086900000|  0%| F|  |TAMS 0x0000000086800000, 0x0000000086800000| Untracked 
|  29|0x0000000086900000, 0x0000000086900000, 0x0000000086a00000|  0%| F|  |TAMS 0x0000000086900000, 0x0000000086900000| Untracked 
|  30|0x0000000086a00000, 0x0000000086a00000, 0x0000000086b00000|  0%| F|  |TAMS 0x0000000086a00000, 0x0000000086a00000| Untracked 
|  31|0x0000000086b00000, 0x0000000086b00000, 0x0000000086c00000|  0%| F|  |TAMS 0x0000000086b00000, 0x0000000086b00000| Untracked 
|  32|0x0000000086c00000, 0x0000000086c00000, 0x0000000086d00000|  0%| F|  |TAMS 0x0000000086c00000, 0x0000000086c00000| Untracked 
|  33|0x0000000086d00000, 0x0000000086d00000, 0x0000000086e00000|  0%| F|  |TAMS 0x0000000086d00000, 0x0000000086d00000| Untracked 
|  34|0x0000000086e00000, 0x0000000086e00000, 0x0000000086f00000|  0%| F|  |TAMS 0x0000000086e00000, 0x0000000086e00000| Untracked 
|  35|0x0000000086f00000, 0x0000000086f00000, 0x0000000087000000|  0%| F|  |TAMS 0x0000000086f00000, 0x0000000086f00000| Untracked 
|  36|0x0000000087000000, 0x0000000087000000, 0x0000000087100000|  0%| F|  |TAMS 0x0000000087000000, 0x0000000087000000| Untracked 
|  37|0x0000000087100000, 0x0000000087100000, 0x0000000087200000|  0%| F|  |TAMS 0x0000000087100000, 0x0000000087100000| Untracked 
|  38|0x0000000087200000, 0x0000000087200000, 0x0000000087300000|  0%| F|  |TAMS 0x0000000087200000, 0x0000000087200000| Untracked 
|  83|0x0000000089f00000, 0x0000000089f3c4b8, 0x000000008a000000| 23%| E|  |TAMS 0x0000000089f00000, 0x0000000089f00000| Complete 
|  84|0x000000008a000000, 0x000000008a100000, 0x000000008a100000|100%| E|CS|TAMS 0x000000008a000000, 0x000000008a000000| Complete 
|  85|0x000000008a100000, 0x000000008a200000, 0x000000008a200000|100%| E|CS|TAMS 0x000000008a100000, 0x000000008a100000| Complete 
|  86|0x000000008a200000, 0x000000008a300000, 0x000000008a300000|100%| E|CS|TAMS 0x000000008a200000, 0x000000008a200000| Complete 
|  87|0x000000008a300000, 0x000000008a400000, 0x000000008a400000|100%| E|CS|TAMS 0x000000008a300000, 0x000000008a300000| Complete 
|  88|0x000000008a400000, 0x000000008a500000, 0x000000008a500000|100%| E|CS|TAMS 0x000000008a400000, 0x000000008a400000| Complete 
|  89|0x000000008a500000, 0x000000008a600000, 0x000000008a600000|100%| E|CS|TAMS 0x000000008a500000, 0x000000008a500000| Complete 
| 123|0x000000008c700000, 0x000000008c800000, 0x000000008c800000|100%| E|CS|TAMS 0x000000008c700000, 0x000000008c700000| Complete 

Card table byte_map: [0x000001fbacda0000,0x000001fbad180000] _byte_map_base: 0x000001fbac97a000

Marking Bits (Prev, Next): (CMBitMap*) 0x000001fb98208d40, (CMBitMap*) 0x000001fb98208d00
 Prev Bits: [0x000001fbaf430000, 0x000001fbb1300000)
 Next Bits: [0x000001fbad560000, 0x000001fbaf430000)

Polling page: 0x000001fb98280000

Metaspace:

Usage:
  Non-class:     29.70 MB capacity,    29.51 MB (>99%) used,   157.47 KB ( <1%) free+waste,    39.00 KB ( <1%) overhead. 
      Class:      3.68 MB capacity,     3.60 MB ( 98%) used,    72.98 KB (  2%) free+waste,    13.31 KB ( <1%) overhead. 
       Both:     33.38 MB capacity,    33.10 MB (>99%) used,   230.45 KB ( <1%) free+waste,    52.31 KB ( <1%) overhead. 

Virtual space:
  Non-class space:       30.00 MB reserved,      29.92 MB (>99%) committed 
      Class space:        1.00 GB reserved,       3.75 MB ( <1%) committed 
             Both:        1.03 GB reserved,      33.67 MB (  3%) committed 

Chunk freelists:
   Non-Class:  37.00 KB
       Class:  6.00 KB
        Both:  43.00 KB

MaxMetaspaceSize: 17179869184.00 GB
CompressedClassSpaceSize: 1.00 GB

CodeHeap 'non-profiled nmethods': size=120000Kb used=1246Kb max_used=1246Kb free=118753Kb
 bounds [0x000001fba4e60000, 0x000001fba50d0000, 0x000001fbac390000]
CodeHeap 'profiled nmethods': size=120000Kb used=5415Kb max_used=5415Kb free=114584Kb
 bounds [0x000001fb9d930000, 0x000001fb9de80000, 0x000001fba4e60000]
CodeHeap 'non-nmethods': size=5760Kb used=1382Kb max_used=1407Kb free=4377Kb
 bounds [0x000001fb9d390000, 0x000001fb9d600000, 0x000001fb9d930000]
 total_blobs=3230 nmethods=2667 adapters=475
 compilation: enabled
              stopped_count=0, restarted_count=0
 full_count=0

Compilation events (20 events):
Event: 300.728 Thread 0x000001fbb420bd30 2660       3       io.netty.util.HashedWheelTimer$HashedWheelBucket::addTimeout (68 bytes)
Event: 300.733 Thread 0x000001fbb420bd30 nmethod 2660 0x000001fb9de79690 code [0x000001fb9de79860, 0x000001fb9de79d28]
Event: 493.942 Thread 0x000001fbb42006d0 2661       4       java.util.concurrent.atomic.AtomicIntegerFieldUpdater$AtomicIntegerFieldUpdaterImpl::get (17 bytes)
Event: 493.956 Thread 0x000001fbb42006d0 nmethod 2661 0x000001fba4f93710 code [0x000001fba4f938a0, 0x000001fba4f939f8]
Event: 541.031 Thread 0x000001fbb42006d0 2662   !   4       io.netty.util.HashedWheelTimer$Worker::waitForNextTick (120 bytes)
Event: 541.081 Thread 0x000001fbb42006d0 nmethod 2662 0x000001fba4f93b10 code [0x000001fba4f93cc0, 0x000001fba4f93f78]
Event: 541.131 Thread 0x000001fbb42006d0 2663   !   4       io.netty.util.HashedWheelTimer$Worker::processCancelledTasks (57 bytes)
Event: 541.154 Thread 0x000001fbb42006d0 nmethod 2663 0x000001fba4f94190 code [0x000001fba4f94320, 0x000001fba4f945b8]
Event: 574.530 Thread 0x000001fbb42006d0 2664       4       java.util.concurrent.ConcurrentHashMap$Traverser::advance (188 bytes)
Event: 574.557 Thread 0x000001fbb42006d0 nmethod 2664 0x000001fba4f94810 code [0x000001fba4f949a0, 0x000001fba4f94c98]
Event: 643.537 Thread 0x000001fbb42006d0 2665       4       io.netty.util.HashedWheelTimer$Worker::transferTimeoutsToBuckets (124 bytes)
Event: 643.601 Thread 0x000001fbb42006d0 nmethod 2665 0x000001fba4f94e90 code [0x000001fba4f95040, 0x000001fba4f95df8]
Event: 745.932 Thread 0x000001fbb42006d0 2667       4       io.netty.util.HashedWheelTimer$HashedWheelBucket::expireTimeouts (115 bytes)
Event: 745.978 Thread 0x000001fbb42006d0 nmethod 2667 0x000001fba4f96310 code [0x000001fba4f964c0, 0x000001fba4f96d68]
Event: 985.034 Thread 0x000001fbb42006d0 2668       4       java.util.concurrent.ConcurrentHashMap$BaseIterator::hasNext (13 bytes)
Event: 985.052 Thread 0x000001fbb42006d0 nmethod 2668 0x000001fba4f97010 code [0x000001fba4f97180, 0x000001fba4f971f8]
Event: 1335.241 Thread 0x000001fbb42006d0 2669       4       java.util.concurrent.atomic.AtomicLong::incrementAndGet (14 bytes)
Event: 1335.267 Thread 0x000001fbb42006d0 nmethod 2669 0x000001fba4f97310 code [0x000001fba4f97480, 0x000001fba4f974f8]
Event: 1471.933 Thread 0x000001fbb42006d0 2670       4       java.util.concurrent.ConcurrentLinkedDeque$Itr::nextNode (9 bytes)
Event: 1471.963 Thread 0x000001fbb42006d0 nmethod 2670 0x000001fba4f97610 code [0x000001fba4f977a0, 0x000001fba4f978c8]

GC Heap History (10 events):
Event: 1.228 GC heap before
{Heap before GC invocations=0 (full 0):
 garbage-first heap   total 126976K, used 14336K [0x0000000084c00000, 0x0000000100000000)
  region size 1024K, 13 young (13312K), 0 survivors (0K)
 Metaspace       used 7488K, capacity 7542K, committed 7680K, reserved 1056768K
  class space    used 624K, capacity 660K, committed 768K, reserved 1048576K
}
Event: 1.251 GC heap after
{Heap after GC invocations=1 (full 0):
 garbage-first heap   total 126976K, used 6180K [0x0000000084c00000, 0x0000000100000000)
  region size 1024K, 2 young (2048K), 2 survivors (2048K)
 Metaspace       used 7488K, capacity 7542K, committed 7680K, reserved 1056768K
  class space    used 624K, capacity 660K, committed 768K, reserved 1048576K
}
Event: 2.420 GC heap before
{Heap before GC invocations=1 (full 0):
 garbage-first heap   total 126976K, used 19492K [0x0000000084c00000, 0x0000000100000000)
  region size 1024K, 16 young (16384K), 2 survivors (2048K)
 Metaspace       used 14967K, capacity 15141K, committed 15360K, reserved 1062912K
  class space    used 1428K, capacity 1483K, committed 1536K, reserved 1048576K
}
Event: 2.423 GC heap after
{Heap after GC invocations=2 (full 0):
 garbage-first heap   total 126976K, used 8162K [0x0000000084c00000, 0x0000000100000000)
  region size 1024K, 2 young (2048K), 2 survivors (2048K)
 Metaspace       used 14967K, capacity 15141K, committed 15360K, reserved 1062912K
  class space    used 1428K, capacity 1483K, committed 1536K, reserved 1048576K
}
Event: 3.199 GC heap before
{Heap before GC invocations=2 (full 0):
 garbage-first heap   total 126976K, used 39906K [0x0000000084c00000, 0x0000000100000000)
  region size 1024K, 34 young (34816K), 2 survivors (2048K)
 Metaspace       used 20920K, capacity 21143K, committed 21296K, reserved 1069056K
  class space    used 2002K, capacity 2072K, committed 2176K, reserved 1048576K
}
Event: 3.206 GC heap after
{Heap after GC invocations=3 (full 0):
 garbage-first heap   total 126976K, used 12442K [0x0000000084c00000, 0x0000000100000000)
  region size 1024K, 7 young (7168K), 7 survivors (7168K)
 Metaspace       used 20920K, capacity 21143K, committed 21296K, reserved 1069056K
  class space    used 2002K, capacity 2072K, committed 2176K, reserved 1048576K
}
Event: 3.794 GC heap before
{Heap before GC invocations=4 (full 0):
 garbage-first heap   total 48128K, used 32922K [0x0000000084c00000, 0x0000000100000000)
  region size 1024K, 28 young (28672K), 7 survivors (7168K)
 Metaspace       used 27578K, capacity 27862K, committed 28080K, reserved 1075200K
  class space    used 2854K, capacity 2946K, committed 3072K, reserved 1048576K
}
Event: 3.801 GC heap after
{Heap after GC invocations=5 (full 0):
 garbage-first heap   total 48128K, used 13171K [0x0000000084c00000, 0x0000000100000000)
  region size 1024K, 2 young (2048K), 2 survivors (2048K)
 Metaspace       used 27578K, capacity 27862K, committed 28080K, reserved 1075200K
  class space    used 2854K, capacity 2946K, committed 3072K, reserved 1048576K
}
Event: 6.850 GC heap before
{Heap before GC invocations=5 (full 0):
 garbage-first heap   total 48128K, used 37747K [0x0000000084c00000, 0x0000000100000000)
  region size 1024K, 21 young (21504K), 2 survivors (2048K)
 Metaspace       used 32522K, capacity 32807K, committed 33072K, reserved 1079296K
  class space    used 3529K, capacity 3634K, committed 3712K, reserved 1048576K
}
Event: 6.853 GC heap after
{Heap after GC invocations=6 (full 0):
 garbage-first heap   total 48128K, used 19149K [0x0000000084c00000, 0x0000000100000000)
  region size 1024K, 2 young (2048K), 2 survivors (2048K)
 Metaspace       used 32522K, capacity 32807K, committed 33072K, reserved 1079296K
  class space    used 3529K, capacity 3634K, committed 3712K, reserved 1048576K
}

Deoptimization events (20 events):
Event: 6.628 Thread 0x000001fbb557e070 DEOPT PACKING pc=0x000001fb9de00754 sp=0x00000097e3ffd6b0
Event: 6.628 Thread 0x000001fbb557e070 DEOPT UNPACKING pc=0x000001fb9d3df6cf sp=0x00000097e3ffcba0 mode 1
Event: 7.008 Thread 0x000001fb981c8860 Uncommon trap: trap_request=0xffffffde fr.pc=0x000001fba4f12718 relative=0x00000000000001f8
Event: 7.008 Thread 0x000001fb981c8860 Uncommon trap: reason=class_check action=maybe_recompile pc=0x000001fba4f12718 method=java.io.DataInputStream.readByte()B @ 4 c2
Event: 7.008 Thread 0x000001fb981c8860 DEOPT PACKING pc=0x000001fba4f12718 sp=0x00000097e1cfc520
Event: 7.008 Thread 0x000001fb981c8860 DEOPT UNPACKING pc=0x000001fb9d39852f sp=0x00000097e1cfc4e8 mode 2
Event: 7.021 Thread 0x000001fb981c8860 Uncommon trap: trap_request=0xffffff45 fr.pc=0x000001fba4f1b91c relative=0x000000000000009c
Event: 7.021 Thread 0x000001fb981c8860 Uncommon trap: reason=unstable_if action=reinterpret pc=0x000001fba4f1b91c method=java.lang.Math.floorMod(JJ)J @ 10 c2
Event: 7.021 Thread 0x000001fb981c8860 DEOPT PACKING pc=0x000001fba4f1b91c sp=0x00000097e1cfcde0
Event: 7.021 Thread 0x000001fb981c8860 DEOPT UNPACKING pc=0x000001fb9d39852f sp=0x00000097e1cfcd80 mode 2
Event: 7.046 Thread 0x000001fb981c8860 DEOPT PACKING pc=0x000001fb9de00754 sp=0x00000097e1cfcd70
Event: 7.046 Thread 0x000001fb981c8860 DEOPT UNPACKING pc=0x000001fb9d3df6cf sp=0x00000097e1cfc260 mode 1
Event: 7.098 Thread 0x000001fbb557e070 Uncommon trap: trap_request=0xffffff45 fr.pc=0x000001fba4ee0170 relative=0x00000000000001d0
Event: 7.098 Thread 0x000001fbb557e070 Uncommon trap: reason=unstable_if action=reinterpret pc=0x000001fba4ee0170 method=java.io.ByteArrayInputStream.read()I @ 8 c2
Event: 7.098 Thread 0x000001fbb557e070 DEOPT PACKING pc=0x000001fba4ee0170 sp=0x00000097e3ffe8c0
Event: 7.098 Thread 0x000001fbb557e070 DEOPT UNPACKING pc=0x000001fb9d39852f sp=0x00000097e3ffe878 mode 2
Event: 9.138 Thread 0x000001fb981c8860 Uncommon trap: trap_request=0xffffff45 fr.pc=0x000001fba4ed2df8 relative=0x0000000000001338
Event: 9.138 Thread 0x000001fb981c8860 Uncommon trap: reason=unstable_if action=reinterpret pc=0x000001fba4ed2df8 method=java.util.jar.JarFile.getVersionedEntry(Ljava/lang/String;Ljava/util/jar/JarEntry;)Ljava/util/jar/JarEntry; @ 26 c2
Event: 9.138 Thread 0x000001fb981c8860 DEOPT PACKING pc=0x000001fba4ed2df8 sp=0x00000097e1cfd1a0
Event: 9.138 Thread 0x000001fb981c8860 DEOPT UNPACKING pc=0x000001fb9d39852f sp=0x00000097e1cfd120 mode 2

Classes unloaded (0 events):
No events

Classes redefined (9 events):
Event: 67.977 Thread 0x000001fbb41acb80 redefined class name=testCases.Third, count=1
Event: 805.105 Thread 0x000001fbb41acb80 redefined class name=testCases.Third, count=2
Event: 827.383 Thread 0x000001fbb41acb80 redefined class name=testCases.Third, count=3
Event: 848.486 Thread 0x000001fbb41acb80 redefined class name=testCases.Third, count=4
Event: 1143.638 Thread 0x000001fbb41acb80 redefined class name=testCases.Third, count=5
Event: 1150.365 Thread 0x000001fbb41acb80 redefined class name=testCases.Third, count=6
Event: 1167.728 Thread 0x000001fbb41acb80 redefined class name=testCases.Third, count=7
Event: 1309.869 Thread 0x000001fbb41acb80 redefined class name=testCases.Third, count=8
Event: 1338.421 Thread 0x000001fbb41acb80 redefined class name=testCases.Third, count=9

Internal exceptions (20 events):
Event: 3.765 Thread 0x000001fb981c8860 Exception <a 'java/lang/NoSuchMethodError'{0x0000000085f13a48}: 'java.lang.Object java.lang.invoke.DirectMethodHandle$Holder.invokeInterface(java.lang.Object, java.lang.Object, java.lang.Object, java.lang.Object)'> (0x0000000085f13a48) 
thrown [./open/src/hotspot/share/interpreter/linkResolver.cpp, line 782]
Event: 3.770 Thread 0x000001fb981c8860 Exception <a 'java/lang/NoSuchMethodError'{0x0000000085f207e8}: 'void java.lang.invoke.DirectMethodHandle$Holder.invokeInterface(java.lang.Object, java.lang.Object, java.lang.Object)'> (0x0000000085f207e8) 
thrown [./open/src/hotspot/share/interpreter/linkResolver.cpp, line 782]
Event: 3.774 Thread 0x000001fb981c8860 Exception <a 'java/lang/NoSuchMethodError'{0x0000000085f35ca8}: 'java.lang.Object java.lang.invoke.DirectMethodHandle$Holder.invokeInterface(java.lang.Object, java.lang.Object, java.lang.Object)'> (0x0000000085f35ca8) 
thrown [./open/src/hotspot/share/interpreter/linkResolver.cpp, line 782]
Event: 3.774 Thread 0x000001fb981c8860 Exception <a 'java/lang/IncompatibleClassChangeError'{0x0000000085f39540}: Found class java.lang.Object, but interface was expected> (0x0000000085f39540) 
thrown [./open/src/hotspot/share/interpreter/linkResolver.cpp, line 848]
Event: 3.775 Thread 0x000001fb981c8860 Exception <a 'java/lang/NoSuchMethodError'{0x0000000085f42798}: 'int java.lang.invoke.DirectMethodHandle$Holder.invokeSpecialIFC(java.lang.Object, java.lang.Object, java.lang.Object, java.lang.Object)'> (0x0000000085f42798) 
thrown [./open/src/hotspot/share/interpreter/linkResolver.cpp, line 782]
Event: 3.910 Thread 0x000001fbb588b330 Exception <a 'java/lang/NoSuchMethodError'{0x000000008c710d38}: 'void java.lang.invoke.DirectMethodHandle$Holder.invokeStatic(java.lang.Object, long)'> (0x000000008c710d38) 
thrown [./open/src/hotspot/share/interpreter/linkResolver.cpp, line 782]
Event: 3.911 Thread 0x000001fbb588b330 Exception <a 'java/lang/NoSuchMethodError'{0x000000008c7164d0}: 'java.lang.Object java.lang.invoke.DirectMethodHandle$Holder.newInvokeSpecial(java.lang.Object, long)'> (0x000000008c7164d0) 
thrown [./open/src/hotspot/share/interpreter/linkResolver.cpp, line 782]
Event: 3.913 Thread 0x000001fbb588b330 Exception <a 'java/lang/NoSuchMethodError'{0x000000008c7823a8}: 'java.lang.Object java.lang.invoke.DirectMethodHandle$Holder.invokeStaticInit(java.lang.Object, java.lang.Object, long, java.lang.Object)'> (0x000000008c7823a8) 
thrown [./open/src/hotspot/share/interpreter/linkResolver.cpp, line 782]
Event: 3.913 Thread 0x000001fbb588b330 Exception <a 'java/lang/NoSuchMethodError'{0x000000008c788828}: 'java.lang.Object java.lang.invoke.DirectMethodHandle$Holder.newInvokeSpecial(java.lang.Object, java.lang.Object, long)'> (0x000000008c788828) 
thrown [./open/src/hotspot/share/interpreter/linkResolver.cpp, line 782]
Event: 3.913 Thread 0x000001fbb588b330 Exception <a 'java/lang/NoSuchMethodError'{0x000000008c78c598}: 'java.lang.Object java.lang.invoke.Invokers$Holder.linkToTargetMethod(java.lang.Object, long, java.lang.Object)'> (0x000000008c78c598) 
thrown [./open/src/hotspot/share/interpreter/linkResolver.cpp, line 782]
Event: 4.462 Thread 0x000001fb981c8860 Exception <a 'java/lang/NoSuchMethodError'{0x000000008a5c0558}: 'double java.lang.invoke.DirectMethodHandle$Holder.invokeVirtual(java.lang.Object, java.lang.Object)'> (0x000000008a5c0558) 
thrown [./open/src/hotspot/share/interpreter/linkResolver.cpp, line 782]
Event: 4.463 Thread 0x000001fb981c8860 Exception <a 'java/lang/NoSuchMethodError'{0x000000008a5c7090}: 'float java.lang.invoke.DirectMethodHandle$Holder.invokeVirtual(java.lang.Object, java.lang.Object)'> (0x000000008a5c7090) 
thrown [./open/src/hotspot/share/interpreter/linkResolver.cpp, line 782]
Event: 4.463 Thread 0x000001fb981c8860 Exception <a 'java/lang/NoSuchMethodError'{0x000000008a5d05d8}: 'long java.lang.invoke.DirectMethodHandle$Holder.invokeVirtual(java.lang.Object, java.lang.Object)'> (0x000000008a5d05d8) 
thrown [./open/src/hotspot/share/interpreter/linkResolver.cpp, line 782]
Event: 4.489 Thread 0x000001fb981c8860 Exception <a 'java/lang/NoSuchMethodError'{0x000000008a335140}: 'void java.lang.invoke.DirectMethodHandle$Holder.invokeSpecial(java.lang.Object, java.lang.Object, java.lang.Object, java.lang.Object, java.lang.Object)'> (0x000000008a335140) 
thrown [./open/src/hotspot/share/interpreter/linkResolver.cpp, line 782]
Event: 4.490 Thread 0x000001fb981c8860 Exception <a 'java/lang/NoSuchMethodError'{0x000000008a33c548}: 'void java.lang.invoke.DirectMethodHandle$Holder.invokeStatic(java.lang.Object, java.lang.Object, int)'> (0x000000008a33c548) 
thrown [./open/src/hotspot/share/interpreter/linkResolver.cpp, line 782]
Event: 4.526 Thread 0x000001fb981c8860 Exception <a 'java/lang/NoSuchMethodError'{0x000000008a2052d0}: 'java.lang.Object java.lang.invoke.DirectMethodHandle$Holder.newInvokeSpecial(java.lang.Object, java.lang.Object, java.lang.Object, java.lang.Object, java.lang.Object)'> (0x000000008a2052d0) 
thrown [./open/src/hotspot/share/interpreter/linkResolver.cpp, line 782]
Event: 4.555 Thread 0x000001fb981c8860 Exception <a 'java/lang/NoSuchMethodError'{0x000000008a19c258}: 'int java.lang.invoke.DirectMethodHandle$Holder.invokeSpecialIFC(java.lang.Object, java.lang.Object, java.lang.Object)'> (0x000000008a19c258) 
thrown [./open/src/hotspot/share/interpreter/linkResolver.cpp, line 782]
Event: 4.624 Thread 0x000001fb981c8860 Exception <a 'java/lang/NoSuchMethodError'{0x000000008712d0d8}: 'void java.lang.invoke.DirectMethodHandle$Holder.invokeSpecial(java.lang.Object, java.lang.Object, java.lang.Object, java.lang.Object, java.lang.Object, java.lang.Object)'> (0x000000008712d0d8) 
thrown [./open/src/hotspot/share/interpreter/linkResolver.cpp, line 782]
Event: 6.812 Thread 0x000001fb981c8860 Exception <a 'java/lang/NoSuchMethodError'{0x00000000869f7d80}: 'java.lang.Object java.lang.invoke.DirectMethodHandle$Holder.invokeSpecialIFC(java.lang.Object, java.lang.Object, java.lang.Object)'> (0x00000000869f7d80) 
thrown [./open/src/hotspot/share/interpreter/linkResolver.cpp, line 782]
Event: 7.046 Thread 0x000001fb981c8860 Exception <a 'java/lang/ClassNotFoundException'{0x000000008a3f8600}: sun/util/logging/resources/spi/loggingProvider> (0x000000008a3f8600) 
thrown [./open/src/hotspot/share/classfile/systemDictionary.cpp, line 295]

Events (20 events):
Event: 1338.648 Executing VM operation: get/set locals
Event: 1338.648 Executing VM operation: get/set locals done
Event: 1338.649 Executing VM operation: GetFrameLocation
Event: 1338.649 Executing VM operation: GetFrameLocation done
Event: 1338.649 Executing VM operation: get/set locals
Event: 1338.649 Executing VM operation: get/set locals done
Event: 1338.650 Executing VM operation: GetFrameLocation
Event: 1338.650 Executing VM operation: GetFrameLocation done
Event: 1338.650 Executing VM operation: get/set locals
Event: 1338.650 Executing VM operation: get/set locals done
Event: 1338.650 Executing VM operation: GetFrameLocation
Event: 1338.650 Executing VM operation: GetFrameLocation done
Event: 1338.650 Executing VM operation: get/set locals
Event: 1338.650 Executing VM operation: get/set locals done
Event: 1338.650 Executing VM operation: GetFrameLocation
Event: 1338.650 Executing VM operation: GetFrameLocation done
Event: 1338.651 Executing VM operation: get/set locals
Event: 1338.651 Executing VM operation: get/set locals done
Event: 1514.438 Executing VM operation: GetFrameLocation
Event: 1514.439 Executing VM operation: GetFrameLocation done


Dynamic libraries:
0x00007ff6b3030000 - 0x00007ff6b303d000 	C:\Users\navee\.p2\pool\plugins\org.eclipse.justj.openjdk.hotspot.jre.full.win32.x86_64_15.0.2.v20210201-0955\jre\bin\javaw.exe
0x00007ffbc6c10000 - 0x00007ffbc6e27000 	C:\WINDOWS\SYSTEM32\ntdll.dll
0x00007ffbc57d0000 - 0x00007ffbc5894000 	C:\WINDOWS\System32\KERNEL32.DLL
0x00007ffbc3ef0000 - 0x00007ffbc42c3000 	C:\WINDOWS\System32\KERNELBASE.dll
0x00007ffbc3da0000 - 0x00007ffbc3eb1000 	C:\WINDOWS\System32\ucrtbase.dll
0x00007ffbbab30000 - 0x00007ffbbab48000 	C:\Users\navee\.p2\pool\plugins\org.eclipse.justj.openjdk.hotspot.jre.full.win32.x86_64_15.0.2.v20210201-0955\jre\bin\jli.dll
0x00007ffbaf3b0000 - 0x00007ffbaf3c9000 	C:\Users\navee\.p2\pool\plugins\org.eclipse.justj.openjdk.hotspot.jre.full.win32.x86_64_15.0.2.v20210201-0955\jre\bin\VCRUNTIME140.dll
0x00007ffbc5530000 - 0x00007ffbc56e1000 	C:\WINDOWS\System32\USER32.dll
0x00007ffbc3ec0000 - 0x00007ffbc3ee6000 	C:\WINDOWS\System32\win32u.dll
0x00007ffbc57a0000 - 0x00007ffbc57c9000 	C:\WINDOWS\System32\GDI32.dll
0x00007ffbc4790000 - 0x00007ffbc48ab000 	C:\WINDOWS\System32\gdi32full.dll
0x00007ffbc42d0000 - 0x00007ffbc436a000 	C:\WINDOWS\System32\msvcp_win.dll
0x00007ffbb7890000 - 0x00007ffbb7b28000 	C:\WINDOWS\WinSxS\amd64_microsoft.windows.common-controls_6595b64144ccf1df_6.0.22621.5124_none_270e8f4f7386d69d\COMCTL32.dll
0x00007ffbc4940000 - 0x00007ffbc49e7000 	C:\WINDOWS\System32\msvcrt.dll
0x00007ffbc49f0000 - 0x00007ffbc4a21000 	C:\WINDOWS\System32\IMM32.DLL
0x00007ffbba700000 - 0x00007ffbba70c000 	C:\Users\navee\.p2\pool\plugins\org.eclipse.justj.openjdk.hotspot.jre.full.win32.x86_64_15.0.2.v20210201-0955\jre\bin\vcruntime140_1.dll
0x00007ffb9cdb0000 - 0x00007ffb9ce41000 	C:\Users\navee\.p2\pool\plugins\org.eclipse.justj.openjdk.hotspot.jre.full.win32.x86_64_15.0.2.v20210201-0955\jre\bin\msvcp140.dll
0x00007ffadb020000 - 0x00007ffadbb7e000 	C:\Users\navee\.p2\pool\plugins\org.eclipse.justj.openjdk.hotspot.jre.full.win32.x86_64_15.0.2.v20210201-0955\jre\bin\server\jvm.dll
0x00007ffbc5f50000 - 0x00007ffbc6001000 	C:\WINDOWS\System32\ADVAPI32.dll
0x00007ffbc5480000 - 0x00007ffbc5528000 	C:\WINDOWS\System32\sechost.dll
0x00007ffbc44e0000 - 0x00007ffbc4508000 	C:\WINDOWS\System32\bcrypt.dll
0x00007ffbc5980000 - 0x00007ffbc5a94000 	C:\WINDOWS\System32\RPCRT4.dll
0x00007ffbc6bb0000 - 0x00007ffbc6bb8000 	C:\WINDOWS\System32\PSAPI.DLL
0x00007ffbba6b0000 - 0x00007ffbba6b9000 	C:\WINDOWS\SYSTEM32\WSOCK32.dll
0x00007ffbc6060000 - 0x00007ffbc60d1000 	C:\WINDOWS\System32\WS2_32.dll
0x00007ffbbe480000 - 0x00007ffbbe48a000 	C:\WINDOWS\SYSTEM32\VERSION.dll
0x00007ffbbd9c0000 - 0x00007ffbbd9f4000 	C:\WINDOWS\SYSTEM32\WINMM.dll
0x00007ffbc2d50000 - 0x00007ffbc2d68000 	C:\WINDOWS\SYSTEM32\kernel.appcore.dll
0x00007ffbae9c0000 - 0x00007ffbae9ca000 	C:\Users\navee\.p2\pool\plugins\org.eclipse.justj.openjdk.hotspot.jre.full.win32.x86_64_15.0.2.v20210201-0955\jre\bin\jimage.dll
0x00007ffbc0f40000 - 0x00007ffbc1172000 	C:\WINDOWS\SYSTEM32\DBGHELP.DLL
0x00007ffbc5aa0000 - 0x00007ffbc5e32000 	C:\WINDOWS\System32\combase.dll
0x00007ffbc53a0000 - 0x00007ffbc5477000 	C:\WINDOWS\System32\OLEAUT32.dll
0x00007ffbbbb10000 - 0x00007ffbbbb42000 	C:\WINDOWS\SYSTEM32\dbgcore.DLL
0x00007ffbc45d0000 - 0x00007ffbc464b000 	C:\WINDOWS\System32\bcryptPrimitives.dll
0x00007ffbada00000 - 0x00007ffbada39000 	C:\Users\navee\.p2\pool\plugins\org.eclipse.justj.openjdk.hotspot.jre.full.win32.x86_64_15.0.2.v20210201-0955\jre\bin\jdwp.dll
0x00007ffba0cc0000 - 0x00007ffba0ce5000 	C:\Users\navee\.p2\pool\plugins\org.eclipse.justj.openjdk.hotspot.jre.full.win32.x86_64_15.0.2.v20210201-0955\jre\bin\java.dll
0x00007ffba0ca0000 - 0x00007ffba0cb8000 	C:\Users\navee\.p2\pool\plugins\org.eclipse.justj.openjdk.hotspot.jre.full.win32.x86_64_15.0.2.v20210201-0955\jre\bin\zip.dll
0x00007ffbc62a0000 - 0x00007ffbc6b36000 	C:\WINDOWS\System32\SHELL32.dll
0x00007ffbc4650000 - 0x00007ffbc478f000 	C:\WINDOWS\System32\wintypes.dll
0x00007ffbc1c40000 - 0x00007ffbc255a000 	C:\WINDOWS\SYSTEM32\windows.storage.dll
0x00007ffbc4be0000 - 0x00007ffbc4cea000 	C:\WINDOWS\System32\SHCORE.dll
0x00007ffbc6b40000 - 0x00007ffbc6ba3000 	C:\WINDOWS\System32\shlwapi.dll
0x00007ffbc3c50000 - 0x00007ffbc3c7b000 	C:\WINDOWS\SYSTEM32\profapi.dll
0x00007ffbaf400000 - 0x00007ffbaf40b000 	C:\Users\navee\.p2\pool\plugins\org.eclipse.justj.openjdk.hotspot.jre.full.win32.x86_64_15.0.2.v20210201-0955\jre\bin\dt_socket.dll
0x00007ffbc27c0000 - 0x00007ffbc27ed000 	C:\WINDOWS\SYSTEM32\IPHLPAPI.DLL
0x00007ffbc31d0000 - 0x00007ffbc323a000 	C:\WINDOWS\system32\mswsock.dll
0x00007ffbc2830000 - 0x00007ffbc2932000 	C:\WINDOWS\SYSTEM32\DNSAPI.dll
0x00007ffbc56f0000 - 0x00007ffbc56f9000 	C:\WINDOWS\System32\NSI.dll
0x00007ffbbbee0000 - 0x00007ffbbbeea000 	C:\Windows\System32\rasadhlp.dll
0x00007ffbbc6c0000 - 0x00007ffbbc743000 	C:\WINDOWS\System32\fwpuclnt.dll
0x00007ffb96460000 - 0x00007ffb96479000 	C:\Users\navee\.p2\pool\plugins\org.eclipse.justj.openjdk.hotspot.jre.full.win32.x86_64_15.0.2.v20210201-0955\jre\bin\net.dll
0x00007ffbbe350000 - 0x00007ffbbe47c000 	C:\WINDOWS\SYSTEM32\WINHTTP.dll
0x00007ffb93e00000 - 0x00007ffb93e12000 	C:\Users\navee\.p2\pool\plugins\org.eclipse.justj.openjdk.hotspot.jre.full.win32.x86_64_15.0.2.v20210201-0955\jre\bin\nio.dll
0x00007ffbc3420000 - 0x00007ffbc343b000 	C:\WINDOWS\SYSTEM32\CRYPTSP.dll
0x00007ffbc2cb0000 - 0x00007ffbc2ce7000 	C:\WINDOWS\system32\rsaenh.dll
0x00007ffbc32c0000 - 0x00007ffbc32e8000 	C:\WINDOWS\SYSTEM32\USERENV.dll
0x00007ffbc3440000 - 0x00007ffbc344c000 	C:\WINDOWS\SYSTEM32\CRYPTBASE.dll
0x00007ffbbe490000 - 0x00007ffbbe4a9000 	C:\WINDOWS\SYSTEM32\dhcpcsvc6.DLL
0x00007ffbbe330000 - 0x00007ffbbe34f000 	C:\WINDOWS\SYSTEM32\dhcpcsvc.DLL
0x00007ffbaebc0000 - 0x00007ffbaebcd000 	C:\Users\navee\.p2\pool\plugins\org.eclipse.justj.openjdk.hotspot.jre.full.win32.x86_64_15.0.2.v20210201-0955\jre\bin\sunmscapi.dll
0x00007ffbc4370000 - 0x00007ffbc44d7000 	C:\WINDOWS\System32\CRYPT32.dll
0x00007ffbc36d0000 - 0x00007ffbc36fd000 	C:\WINDOWS\SYSTEM32\ncrypt.dll
0x00007ffbc3690000 - 0x00007ffbc36c7000 	C:\WINDOWS\SYSTEM32\NTASN1.dll
0x00007ffbae4f0000 - 0x00007ffbae500000 	C:\Users\navee\.p2\pool\plugins\org.eclipse.justj.openjdk.hotspot.jre.full.win32.x86_64_15.0.2.v20210201-0955\jre\bin\verify.dll
0x00007ffbadc40000 - 0x00007ffbadc49000 	C:\Users\navee\.p2\pool\plugins\org.eclipse.justj.openjdk.hotspot.jre.full.win32.x86_64_15.0.2.v20210201-0955\jre\bin\management.dll
0x00007ffbadba0000 - 0x00007ffbadbab000 	C:\Users\navee\.p2\pool\plugins\org.eclipse.justj.openjdk.hotspot.jre.full.win32.x86_64_15.0.2.v20210201-0955\jre\bin\management_ext.dll

dbghelp: loaded successfully - version: 4.0.5 - missing functions: none
symbol engine: initialized successfully - sym options: 0x614 - pdb path: .;C:\Users\navee\.p2\pool\plugins\org.eclipse.justj.openjdk.hotspot.jre.full.win32.x86_64_15.0.2.v20210201-0955\jre\bin;C:\WINDOWS\SYSTEM32;C:\WINDOWS\WinSxS\amd64_microsoft.windows.common-controls_6595b64144ccf1df_6.0.22621.5124_none_270e8f4f7386d69d;C:\Users\navee\.p2\pool\plugins\org.eclipse.justj.openjdk.hotspot.jre.full.win32.x86_64_15.0.2.v20210201-0955\jre\bin\server

VM Arguments:
jvm_args: -XX:+ShowCodeDetailsInExceptionMessages -agentlib:jdwp=transport=dt_socket,suspend=y,address=localhost:62715 -ea -Dfile.encoding=Cp1252 
java_command: org.testng.remote.RemoteTestNG -serport 62688 -protocol json -d C:\Users\navee\git\Selenium-Java-TestNG-Maven-POM\Selenium-Java-TestNG-Maven-POM-PageFactory\test-output C:\Users\navee\AppData\Local\Temp\testng-eclipse--1293473827\testng-customsuite.xml
java_class_path (initial): C:\Users\navee\eclipse\java-2021-03\eclipse\configuration\org.eclipse.osgi\444\0\.cp\lib\testng-remote.jar;C:\Users\navee\git\Selenium-Java-TestNG-Maven-POM\Selenium-Java-TestNG-Maven-POM-PageFactory\target\test-classes;C:\Users\navee\git\Selenium-Java-TestNG-Maven-POM\Selenium-Java-TestNG-Maven-POM-PageFactory\target\classes;C:\Users\navee\.p2\pool\plugins\org.testng_7.4.0.r202105021533.jar;C:\Users\navee\.p2\pool\plugins\com.beust.jcommander_1.78.0.jar;C:\Users\navee\.p2\pool\plugins\org.apache-extras.beanshell.bsh_2.0.0.b6.jar;C:\Users\navee\.p2\pool\plugins\org.yaml.snakeyaml_1.21.0.jar;C:\Users\navee\.p2\pool\plugins\org.webjars.jquery_3.5.1.jar;C:\Users\navee\.m2\repository\org\seleniumhq\selenium\selenium-java\4.8.2\selenium-java-4.8.2.jar;C:\Users\navee\.m2\repository\org\seleniumhq\selenium\selenium-api\4.8.2\selenium-api-4.8.2.jar;C:\Users\navee\.m2\repository\org\seleniumhq\selenium\selenium-chrome-driver\4.8.2\selenium-chrome-driver-4.8.2.jar;C:\Users\navee\.m2\repository\com\google\auto\service\auto-service-annotations\1.0.1\auto-service-annotations-1.0.1.jar;C:\Users\navee\.m2\repository\com\google\auto\service\auto-service\1.0.1\auto-service-1.0.1.jar;C:\Users\navee\.m2\repository\com\google\auto\auto-common\1.2\auto-common-1.2.jar;C:\Users\navee\.m2\repository\com\google\guava\guava\31.1-jre\guava-31.1-jre.jar;C:\Users\navee\.m2\repository\com\google\guava\failureaccess\1.0.1\failureaccess-1.0.1.jar;C:\Users\navee\.m2\repository\com\google\guava\listenablefuture\9999.0-empty-to-avoid-conflict-with-guava\listenablefuture-9999.0-empty-to-avoid-conflict-with-guava.jar;C:\Users\navee\.m2\repository\com\google\code\findbugs\jsr305\3.0.2\jsr305-3.0.2.jar;C:\Users\navee\.m2\repository\org\checkerframework\checker-qual\3.12.0\checker-qual-3.12.0.jar;C:\Users\navee\.m2\repository\com\google\errorprone\error_prone_annotations\2.11.0\error_prone_annotations-2.11.0.jar;C:\Users\navee\.m2\repository\com\google\j2objc\j2objc-annotation
Launcher Type: SUN_STANDARD

[Global flags]
     intx CICompilerCount                          = 3                                         {product} {ergonomic}
     uint ConcGCThreads                            = 1                                         {product} {ergonomic}
     uint G1ConcRefinementThreads                  = 4                                         {product} {ergonomic}
   size_t G1HeapRegionSize                         = 1048576                                   {product} {ergonomic}
    uintx GCDrainStackTargetSize                   = 64                                        {product} {ergonomic}
   size_t InitialHeapSize                          = 130023424                                 {product} {ergonomic}
   size_t MarkStackSize                            = 4194304                                   {product} {ergonomic}
   size_t MaxHeapSize                              = 2067791872                                {product} {ergonomic}
   size_t MaxNewSize                               = 1240465408                                {product} {ergonomic}
   size_t MinHeapDeltaBytes                        = 1048576                                   {product} {ergonomic}
   size_t MinHeapSize                              = 8388608                                   {product} {ergonomic}
    uintx NonNMethodCodeHeapSize                   = 5832780                                {pd product} {ergonomic}
    uintx NonProfiledCodeHeapSize                  = 122912730                              {pd product} {ergonomic}
    uintx ProfiledCodeHeapSize                     = 122912730                              {pd product} {ergonomic}
    uintx ReservedCodeCacheSize                    = 251658240                              {pd product} {ergonomic}
     bool SegmentedCodeCache                       = true                                      {product} {ergonomic}
     bool ShowCodeDetailsInExceptionMessages       = true                                   {manageable} {command line}
   size_t SoftMaxHeapSize                          = 2067791872                             {manageable} {ergonomic}
     bool UseCompressedClassPointers               = true                                 {lp64_product} {ergonomic}
     bool UseCompressedOops                        = true                                 {lp64_product} {ergonomic}
     bool UseG1GC                                  = true                                      {product} {ergonomic}
     bool UseLargePagesIndividualAllocation        = false                                  {pd product} {ergonomic}

Logging:
Log output configuration:
 #0: stdout all=warning uptime,level,tags
 #1: stderr all=off uptime,level,tags

Environment Variables:
PATH=C:\Users\navee\.p2\pool\plugins\org.eclipse.justj.openjdk.hotspot.jre.full.win32.x86_64_15.0.2.v20210201-0955\jre\bin;C:/Users/navee/.p2/pool/plugins/org.eclipse.justj.openjdk.hotspot.jre.full.win32.x86_64_15.0.2.v20210201-0955/jre/bin/server;C:/Users/navee/.p2/pool/plugins/org.eclipse.justj.openjdk.hotspot.jre.full.win32.x86_64_15.0.2.v20210201-0955/jre/bin;C:\Program Files (x86)\Common Files\Oracle\Java\javapath;C:\WINDOWS\system32;C:\WINDOWS;C:\WINDOWS\System32\Wbem;C:\WINDOWS\System32\WindowsPowerShell\v1.0\;C:\WINDOWS\System32\OpenSSH\;C:\Users\navee\AppData\Local\Microsoft\WindowsApps;;C:\Users\navee\AppData\Local\Programs\Microsoft VS Code\bin;C:\WINDOWS\system32;
USERNAME=navee
OS=Windows_NT
PROCESSOR_IDENTIFIER=Intel64 Family 6 Model 140 Stepping 1, GenuineIntel



---------------  S Y S T E M  ---------------

OS:
 Windows 10 , 64 bit Build 22621 (10.0.22621.5124)
OS uptime: 21 days 15:17 hours

CPU: total 4 (initial active 4) (2 cores per cpu, 2 threads per core) family 6 model 140 stepping 1 microcode 0x86, cmov, cx8, fxsr, mmx, sse, sse2, sse3, ssse3, sse4.1, sse4.2, popcnt, vzeroupper, avx, avx2, aes, clmul, erms, 3dnowpref, lzcnt, ht, tsc, tscinvbit, bmi1, bmi2, adx, avx512f, avx512dq, avx512cd, avx512bw, avx512vl, avx512_vpopcntdq, avx512_vpclmulqdq, avx512_vbmi, avx512_vbmi2, avx512_vaes, avx512_vnni, sha, fma, clflush, clflushopt, clwb

Memory: 4k page, system-wide physical 7885M (398M free)
TotalPageFile size 27006M (AvailPageFile size 3589M)
current process WorkingSet (physical memory assigned to process): 15M, peak: 157M
current process commit charge ("private bytes"): 177M, peak: 234M

vm_info: OpenJDK 64-Bit Server VM (15.0.2+7-27) for windows-amd64 JRE (15.0.2+7-27), built on Dec  7 2020 20:02:38 by "mach5one" with unknown MS VC++:1925

END.
